<?xml version="1.0" encoding="UTF-8"?>
<testsuite name="com.kodilla.stream.com.kodilla.stream.world.WorldTestSuite" tests="2" skipped="0" failures="0" errors="0" timestamp="2018-06-10T13:10:42" hostname="Bartoszek" time="0.007">
  <properties/>
  <testcase name="ContinentTest" classname="com.kodilla.stream.com.kodilla.stream.world.WorldTestSuite" time="0.005"/>
  <testcase name="CountryTest" classname="com.kodilla.stream.com.kodilla.stream.world.WorldTestSuite" time="0.002"/>
  <system-out><![CDATA[]]></system-out>
  <system-err><![CDATA[]]></system-err>
</testsuite>
