<?xml version="1.0" encoding="UTF-8"?>
<testsuite name="com.kodilla.stream.com.kodilla.stream.array.ArrayOperationsTestSuite" tests="1" skipped="0" failures="0" errors="0" timestamp="2018-06-10T13:10:42" hostname="Bartoszek" time="0.01">
  <properties/>
  <testcase name="testGetAverage" classname="com.kodilla.stream.com.kodilla.stream.array.ArrayOperationsTestSuite" time="0.01"/>
  <system-out><![CDATA[java.util.stream.IntPipeline$Head@6e059bd3
]]></system-out>
  <system-err><![CDATA[]]></system-err>
</testsuite>
