<?xml version="1.0" encoding="UTF-8"?>
<testsuite name="com.kodilla.stream.com.kodilla.stream.portfolio.BoardTestSuite" tests="5" skipped="0" failures="0" errors="0" timestamp="2018-06-10T13:10:42" hostname="Bartoszek" time="0.061">
  <properties/>
  <testcase name="testAddTaskList" classname="com.kodilla.stream.com.kodilla.stream.portfolio.BoardTestSuite" time="0.033"/>
  <testcase name="testAddTaskListAverageWorkingOnTask" classname="com.kodilla.stream.com.kodilla.stream.portfolio.BoardTestSuite" time="0.014"/>
  <testcase name="testAddTaskListFindUsersTasks" classname="com.kodilla.stream.com.kodilla.stream.portfolio.BoardTestSuite" time="0.003"/>
  <testcase name="testAddTaskListFindLongTasks" classname="com.kodilla.stream.com.kodilla.stream.portfolio.BoardTestSuite" time="0.006"/>
  <testcase name="testAddTaskListFindOutdatedTasks" classname="com.kodilla.stream.com.kodilla.stream.portfolio.BoardTestSuite" time="0.002"/>
  <system-out><![CDATA[]]></system-out>
  <system-err><![CDATA[]]></system-err>
</testsuite>
