<?xml version="1.0" encoding="UTF-8"?>
<testsuite name="com.kodilla.stream.om.kodilla.stream.book.BookTestSuite" tests="2" skipped="0" failures="0" errors="0" timestamp="2018-06-10T13:10:42" hostname="Bartoszek" time="0.011">
  <properties/>
  <testcase name="testGetListUsingFor" classname="com.kodilla.stream.om.kodilla.stream.book.BookTestSuite" time="0.004"/>
  <testcase name="testGetListUsingIntStream" classname="com.kodilla.stream.om.kodilla.stream.book.BookTestSuite" time="0.006"/>
  <system-out><![CDATA[]]></system-out>
  <system-err><![CDATA[]]></system-err>
</testsuite>
