<?xml version="1.0" encoding="UTF-8"?>
<testsuite name="com.kodilla.testing.forum.tdd.ForumTestSuite" tests="5" skipped="0" failures="0" errors="0" timestamp="2018-07-17T10:41:17" hostname="Bartoszek" time="0.005">
  <properties/>
  <testcase name="testRemovePostNotExisting" classname="com.kodilla.testing.forum.tdd.ForumTestSuite" time="0.002"/>
  <testcase name="testAddPost" classname="com.kodilla.testing.forum.tdd.ForumTestSuite" time="0.0"/>
  <testcase name="testGetPost" classname="com.kodilla.testing.forum.tdd.ForumTestSuite" time="0.001"/>
  <testcase name="testRemoveCommentNotExisting" classname="com.kodilla.testing.forum.tdd.ForumTestSuite" time="0.001"/>
  <testcase name="testAddComment" classname="com.kodilla.testing.forum.tdd.ForumTestSuite" time="0.001"/>
  <system-out><![CDATA[This is the begininnig of tests.
Preparing to execute test #1
Preparing to execute test #2
Preparing to execute test #3
Preparing to execute test #4
Preparing to execute test #5
All tests are finisched.
]]></system-out>
  <system-err><![CDATA[]]></system-err>
</testsuite>
