<?xml version="1.0" encoding="UTF-8"?>
<testsuite name="com.kodilla.testing.weather.mock.WeatherForecastTestSuite" tests="1" skipped="0" failures="0" errors="0" timestamp="2018-07-29T08:24:27" hostname="Bartoszek" time="0.011">
  <properties/>
  <testcase name="TestWeatherForecastWitchMock" classname="com.kodilla.testing.weather.mock.WeatherForecastTestSuite" time="0.011"/>
  <system-out><![CDATA[]]></system-out>
  <system-err><![CDATA[]]></system-err>
</testsuite>
