<?xml version="1.0" encoding="UTF-8"?>
<testsuite name="com.kodilla.testing.weather.stub.WeatherForecastTestSuite" tests="1" skipped="0" failures="0" errors="0" timestamp="2018-05-29T14:31:18" hostname="Bartoszek" time="0.003">
  <properties/>
  <testcase name="WeatherForecastWithStub" classname="com.kodilla.testing.weather.stub.WeatherForecastTestSuite" time="0.003"/>
  <system-out><![CDATA[]]></system-out>
  <system-err><![CDATA[]]></system-err>
</testsuite>
