<?xml version="1.0" encoding="UTF-8"?>
<testsuite name="com.kodilla.testing.forum.statistics.CalculateAdvStatisticsTestMock" tests="7" skipped="0" failures="0" errors="0" timestamp="2018-07-29T08:24:27" hostname="Bartoszek" time="0.223">
  <properties/>
  <testcase name="testCalcCommentMorePosts" classname="com.kodilla.testing.forum.statistics.CalculateAdvStatisticsTestMock" time="0.211"/>
  <testcase name="testCalcUser0" classname="com.kodilla.testing.forum.statistics.CalculateAdvStatisticsTestMock" time="0.001"/>
  <testcase name="testCalcCommentOf0" classname="com.kodilla.testing.forum.statistics.CalculateAdvStatisticsTestMock" time="0.0"/>
  <testcase name="testCalcPostsMoreComment" classname="com.kodilla.testing.forum.statistics.CalculateAdvStatisticsTestMock" time="0.001"/>
  <testcase name="testCalcUser100" classname="com.kodilla.testing.forum.statistics.CalculateAdvStatisticsTestMock" time="0.002"/>
  <testcase name="testCalcPostsOf0" classname="com.kodilla.testing.forum.statistics.CalculateAdvStatisticsTestMock" time="0.002"/>
  <testcase name="testCalcPostsOf1000" classname="com.kodilla.testing.forum.statistics.CalculateAdvStatisticsTestMock" time="0.002"/>
  <system-out><![CDATA[]]></system-out>
  <system-err><![CDATA[]]></system-err>
</testsuite>
