<?xml version="1.0" encoding="UTF-8"?>
<testsuite name="com.kodilla.patterns.social.UserTestSuite" tests="2" skipped="0" failures="0" errors="0" timestamp="2018-07-17T07:59:05" hostname="Bartoszek" time="0.006">
  <properties/>
  <testcase name="testDefaultSharingStrategies" classname="com.kodilla.patterns.social.UserTestSuite" time="0.003"/>
  <testcase name="testIndividualSharingStrategy" classname="com.kodilla.patterns.social.UserTestSuite" time="0.001"/>
  <system-out><![CDATA[Martin selected: [ I use a social forum: ] Facebook Publisher
Bartosz selected: [ I use a social forum: ] Snapchat Publisher
Irena Selected: [ I use a social forum: ] Twitter Publisher
Martin selected: [ I use a social forum: ] Facebook Publisher
Martin new selected: [ I use a social forum: ] Snapchat Publisher
]]></system-out>
  <system-err><![CDATA[]]></system-err>
</testsuite>
