<?xml version="1.0" encoding="UTF-8"?>
<testsuite name="com.kodilla.patterns.prototype.library.LibraryTestSuite" tests="1" skipped="0" failures="0" errors="0" timestamp="2018-07-17T07:59:04" hostname="Bartoszek" time="0.019">
  <properties/>
  <testcase name="testGetBooks" classname="com.kodilla.patterns.prototype.library.LibraryTestSuite" time="0.019"/>
  <system-out><![CDATA[Library{name='Library1', books=[Book{title='Book2', author='Author2', publicationDate=1987-11-30}, Book{title='Book5', author='Author5', publicationDate=1985-09-22}, Book{title='Book4', author='Author4', publicationDate=1979-07-05}, Book{title='Book3', author='Author3', publicationDate=1957-08-15}, Book{title='Book1', author='Author1', publicationDate=1977-12-12}]}
Library{name='Library Clone Two', books=[Book{title='Book2', author='Author2', publicationDate=1987-11-30}, Book{title='Book5', author='Author5', publicationDate=1985-09-22}, Book{title='Book4', author='Author4', publicationDate=1979-07-05}, Book{title='Book3', author='Author3', publicationDate=1957-08-15}, Book{title='Book1', author='Author1', publicationDate=1977-12-12}]}
Library{name='Library Clone Three', books=[Book{title='Author1', author='Book1', publicationDate=1977-12-12}, Book{title='Author5', author='Book5', publicationDate=1985-09-22}, Book{title='Author4', author='Book4', publicationDate=1979-07-05}, Book{title='Author3', author='Book3', publicationDate=1957-08-15}, Book{title='Author2', author='Book2', publicationDate=1987-11-30}]}
]]></system-out>
  <system-err><![CDATA[]]></system-err>
</testsuite>
