<?xml version="1.0" encoding="UTF-8"?>
<testsuite name="com.kodilla.patterns.builder.bigmac.BigmacTestSuite" tests="1" skipped="0" failures="0" errors="0" timestamp="2018-07-17T07:59:04" hostname="Bartoszek" time="0.005">
  <properties/>
  <testcase name="testBigmacNew" classname="com.kodilla.patterns.builder.bigmac.BigmacTestSuite" time="0.005"/>
  <system-out><![CDATA[Bigmac{bun='roll with sesame seeds', burgers=2, sauce='1000 isle', ingredients=[lettuce, bacon, cheese, onion, cucumber, chili peppers, mushrooms, shrimp]}
]]></system-out>
  <system-err><![CDATA[]]></system-err>
</testsuite>
