<?xml version="1.0" encoding="UTF-8"?>
<testsuite name="com.kodilla.patterns2.KodillaPatterns2ApplicationTests" tests="1" skipped="0" failures="0" errors="0" timestamp="2018-09-28T15:16:38" hostname="Bartoszek" time="0.004">
  <properties/>
  <testcase name="contextLoads" classname="com.kodilla.patterns2.KodillaPatterns2ApplicationTests" time="0.004"/>
  <system-out><![CDATA[2018-09-28 17:16:38.285  INFO 12672 --- [    Test worker] .b.t.c.SpringBootTestContextBootstrapper : Neither @ContextConfiguration nor @ContextHierarchy found for test class [com.kodilla.patterns2.KodillaPatterns2ApplicationTests], using SpringBootContextLoader
2018-09-28 17:16:38.289  INFO 12672 --- [    Test worker] o.s.t.c.support.AbstractContextLoader    : Could not detect default resource locations for test class [com.kodilla.patterns2.KodillaPatterns2ApplicationTests]: no resource found for suffixes {-context.xml, Context.groovy}.
2018-09-28 17:16:38.294  INFO 12672 --- [    Test worker] t.c.s.AnnotationConfigContextLoaderUtils : Could not detect default configuration classes for test class [com.kodilla.patterns2.KodillaPatterns2ApplicationTests]: KodillaPatterns2ApplicationTests does not declare any static, non-private, non-final, nested classes annotated with @Configuration.
2018-09-28 17:16:38.326  INFO 12672 --- [    Test worker] .b.t.c.SpringBootTestContextBootstrapper : Found @SpringBootConfiguration com.kodilla.patterns2.KodillaPatterns2Application for test class com.kodilla.patterns2.KodillaPatterns2ApplicationTests
2018-09-28 17:16:38.332  INFO 12672 --- [    Test worker] .b.t.c.SpringBootTestContextBootstrapper : Loaded default TestExecutionListener class names from location [META-INF/spring.factories]: [org.springframework.boot.test.autoconfigure.restdocs.RestDocsTestExecutionListener, org.springframework.boot.test.autoconfigure.web.client.MockRestServiceServerResetTestExecutionListener, org.springframework.boot.test.autoconfigure.web.servlet.MockMvcPrintOnlyOnFailureTestExecutionListener, org.springframework.boot.test.autoconfigure.web.servlet.WebDriverTestExecutionListener, org.springframework.boot.test.mock.mockito.MockitoTestExecutionListener, org.springframework.boot.test.mock.mockito.ResetMocksTestExecutionListener, org.springframework.test.context.web.ServletTestExecutionListener, org.springframework.test.context.support.DirtiesContextBeforeModesTestExecutionListener, org.springframework.test.context.support.DependencyInjectionTestExecutionListener, org.springframework.test.context.support.DirtiesContextTestExecutionListener, org.springframework.test.context.transaction.TransactionalTestExecutionListener, org.springframework.test.context.jdbc.SqlScriptsTestExecutionListener]
2018-09-28 17:16:38.335  INFO 12672 --- [    Test worker] .b.t.c.SpringBootTestContextBootstrapper : Using TestExecutionListeners: [org.springframework.test.context.web.ServletTestExecutionListener@5e84b2cc, org.springframework.test.context.support.DirtiesContextBeforeModesTestExecutionListener@107120e9, org.springframework.boot.test.mock.mockito.MockitoTestExecutionListener@36f4316d, org.springframework.boot.test.autoconfigure.SpringBootDependencyInjectionTestExecutionListener@7bb625e4, org.springframework.test.context.support.DirtiesContextTestExecutionListener@dfea8c, org.springframework.boot.test.autoconfigure.restdocs.RestDocsTestExecutionListener@19b0f416, org.springframework.boot.test.autoconfigure.web.client.MockRestServiceServerResetTestExecutionListener@ed8d114, org.springframework.boot.test.autoconfigure.web.servlet.MockMvcPrintOnlyOnFailureTestExecutionListener@448b4c2e, org.springframework.boot.test.autoconfigure.web.servlet.WebDriverTestExecutionListener@3bff55b9, org.springframework.boot.test.mock.mockito.ResetMocksTestExecutionListener@25710694]
]]></system-out>
  <system-err><![CDATA[]]></system-err>
</testsuite>
