<?xml version="1.0" encoding="UTF-8"?>
<testsuite name="com.kodilla.patterns2.decorator.taxiportal.TaxiOrderTestSuite" tests="8" skipped="0" failures="0" errors="0" timestamp="2018-09-28T15:16:38" hostname="Bartoszek" time="0.039">
  <properties/>
  <testcase name="testVipTaxiWithChildSeatExpressGetCost" classname="com.kodilla.patterns2.decorator.taxiportal.TaxiOrderTestSuite" time="0.012"/>
  <testcase name="testMyTaxiWithChildSeatGetCost" classname="com.kodilla.patterns2.decorator.taxiportal.TaxiOrderTestSuite" time="0.002"/>
  <testcase name="testBasicTaxiOrderGetCost" classname="com.kodilla.patterns2.decorator.taxiportal.TaxiOrderTestSuite" time="0.006"/>
  <testcase name="testMyTaxiWithChildSeatGetDescription" classname="com.kodilla.patterns2.decorator.taxiportal.TaxiOrderTestSuite" time="0.0"/>
  <testcase name="testVipTaxiWithChildSeatExpressGetDescription" classname="com.kodilla.patterns2.decorator.taxiportal.TaxiOrderTestSuite" time="0.004"/>
  <testcase name="testTaxiNetworkGetDescription" classname="com.kodilla.patterns2.decorator.taxiportal.TaxiOrderTestSuite" time="0.001"/>
  <testcase name="testTaxiNetworkGetCost" classname="com.kodilla.patterns2.decorator.taxiportal.TaxiOrderTestSuite" time="0.0"/>
  <testcase name="testBasicTaxiOrderGetDescription" classname="com.kodilla.patterns2.decorator.taxiportal.TaxiOrderTestSuite" time="0.001"/>
  <system-out><![CDATA[57
Drive a course by Taxi Network express service + child seat variant VIP
]]></system-out>
  <system-err><![CDATA[]]></system-err>
</testsuite>
